[elevateco.my.canva.site/index.html]
[backblue.gif]
[fade.gif]
[index.html]
[elevateco.my.canva.site/26387fa4f5b1e3f7b6217b27d79bf264.png]
[elevateco.my.canva.site/2d0b56e7e51cf11036ad8734bdb67e2d.png]
[elevateco.my.canva.site/725b756a69a7d4c235070e51acd85560.png]
[elevateco.my.canva.site/fonts/e609efb90aabe72475bbbd19aeb1de0e.woff2]
[elevateco.my.canva.site/fonts/450d7530ab7aee079f9640de21748c69.woff2]
[elevateco.my.canva.site/fonts/0c30ae34d9942e4c0d4e05b117076178.woff2]
[elevateco.my.canva.site/fonts/5dc1b946751dc83055dd7770bac07b0e.woff2]
[elevateco.my.canva.site/fonts/dbaccbc0cd9dbaa7aa61f3c1713277ae.woff2]
[elevateco.my.canva.site/fonts/2df87c0acdee4560b1b2ba4f5f0a3d8b.woff2]
[elevateco.my.canva.site/fonts/38f148af1ef576b1c2e82b6731257f81.woff2]
[elevateco.my.canva.site/fonts/8e814314c32a6a064af5309568eb94be.woff2]
[elevateco.my.canva.site/fonts/8258299ad2ba4c9fecfad42aef6432c6.woff2]
[elevateco.my.canva.site/fonts/2f8151adc04699db84c0c72f0a1d40c7.woff2]
[elevateco.my.canva.site/fonts/f8f199f09526f79e87644ed227e0f651.woff2]
[elevateco.my.canva.site/fonts/98c4d2c0223fc8474641c77f923528e9.woff2]
[elevateco.my.canva.site/fonts/d257a7100844bc3f98c9021168b6249e.woff2]
[elevateco.my.canva.site/fonts/1060345c54d396e76d73f1da7ee200bd.woff2]
[elevateco.my.canva.site/videos/433d17d8993ad3a89e3dd297249dcd2e.mp4]
[elevateco.my.canva.site/images/c87f404128737154f26956769e1a8016.svg]
[elevateco.my.canva.site/images/315892db69b290111d6728c46f352ea1.jpg]
[elevateco.my.canva.site/images/e1f5fd462267390dff7c7eea05912290.jpg]
[elevateco.my.canva.site/js/9af4249c5fb3d9bb0112c506b0c02b3ba4d10feef761f7dd1f33a94190ea18af.js]
[elevateco.my.canva.site/js/73ad2651535b7ecadd366d5fa045dc32c1cdb8fc38f8243601b62b64f4123420.js]
[elevateco.my.canva.site/index.html]
[elevateco.my.canva.site/js/57c95850434c9961589d6108056c557d3a38f48695fedd00913ec2fce8bb3376.js]
[elevateco.my.canva.site/images/c87f404128737154f26956769e1a8016.svg]
[elevateco.my.canva.site/_link/indexbf56.html]
[elevateco.my.canva.site/_link/indexf6ef.html]
[elevateco.my.canva.site/_link/indexa048.html]
[elevateco.my.canva.site/_link/indexfe0b.html]
[elevateco.my.canva.site/_link/indexfe0b.html]
[elevateco.my.canva.site/_link/index7f19.html]
[elevateco.my.canva.site/_link/index4c1f.html]
[elevateco.my.canva.site/_link/index7f19.html]
[elevateco.my.canva.site/_link/index4c1f.html]
